<?xml version="1.0" encoding="UTF-8"?>
<!-- Generated by org.testng.reporters.JUnitXMLReporter -->
<testsuite hostname="DESKTOP-PPCN9R4" ignored="0" name="Surefire test" tests="9" failures="0" timestamp="17 Sep 2020 02:26:45 GMT" time="0.032" errors="0">
  <testcase name="testA1" time="0.005" classname="lesson21.ClassATest"/>
  <testcase name="testA2" time="0.0" classname="lesson21.ClassATest"/>
  <testcase name="testA3" time="0.0" classname="lesson21.ClassATest"/>
  <testcase name="testB1" time="0.0" classname="lesson21.ClassBTest"/>
  <testcase name="testB2" time="0.0" classname="lesson21.ClassBTest"/>
  <testcase name="testB3" time="0.0" classname="lesson21.ClassBTest"/>
  <testcase name="testC1" time="0.0" classname="lesson21.ClassCTest"/>
  <testcase name="testC2" time="0.0" classname="lesson21.ClassCTest"/>
  <testcase name="testC3" time="0.0" classname="lesson21.ClassCTest"/>
</testsuite> <!-- Surefire test -->
