<?xml version="1.0" encoding="UTF-8"?>
<testsuite xmlns:xsi="http://www.w3.org/2001/XMLSchema-instance" xsi:noNamespaceSchemaLocation="https://maven.apache.org/surefire/maven-surefire-plugin/xsd/surefire-test-report-3.0.xsd" version="3.0" name="TestSuite" time="0.348" tests="9" errors="0" skipped="0" failures="0">
  <properties>
[...]
</properties>
  <testcase name="testA1" classname="lesson21.ClassATest" time="0.006">
    <system-out><![CDATA[testA1
]]></system-out>
  </testcase>
  <testcase name="testA2" classname="lesson21.ClassATest" time="0.001">
    <system-out><![CDATA[testA2
]]></system-out>
  </testcase>
  <testcase name="testA3" classname="lesson21.ClassATest" time="0">
    <system-out><![CDATA[testA3
]]></system-out>
  </testcase>
  <testcase name="testB1" classname="lesson21.ClassBTest" time="0.001">
    <system-out><![CDATA[testB1
]]></system-out>
  </testcase>
  <testcase name="testB2" classname="lesson21.ClassBTest" time="0.001">
    <system-out><![CDATA[testB2
]]></system-out>
  </testcase>
  <testcase name="testB3" classname="lesson21.ClassBTest" time="0">
    <system-out><![CDATA[testB3
]]></system-out>
  </testcase>
  <testcase name="testC1" classname="lesson21.ClassCTest" time="0.001">
    <system-out><![CDATA[testC1
]]></system-out>
  </testcase>
  <testcase name="testC2" classname="lesson21.ClassCTest" time="0.001">
    <system-out><![CDATA[testC2
]]></system-out>
  </testcase>
  <testcase name="testC3" classname="lesson21.ClassCTest" time="0">
    <system-out><![CDATA[testC3
]]></system-out>
  </testcase>
</testsuite>