<?xml version="1.0" encoding="UTF-8"?>
<testng-results skipped="0" failed="0" ignored="0" total="9" passed="9">
  <reporter-output>
  </reporter-output>
  <suite name="Surefire suite" duration-ms="32" started-at="2020-09-17T02:26:45Z" finished-at="2020-09-17T02:26:45Z">
    <groups>
    </groups>
    <test name="Surefire test" duration-ms="32" started-at="2020-09-17T02:26:45Z" finished-at="2020-09-17T02:26:45Z">
      <class name="lesson21.ClassATest">
        <test-method status="PASS" signature="testA1()[pri:0, instance:lesson21.ClassATest@5d624da6]" name="testA1" duration-ms="5" started-at="2020-09-17T02:26:45Z" finished-at="2020-09-17T02:26:45Z">
          <reporter-output>
          </reporter-output>
        </test-method> <!-- testA1 -->
        <test-method status="PASS" signature="testA2()[pri:0, instance:lesson21.ClassATest@5d624da6]" name="testA2" duration-ms="0" started-at="2020-09-17T02:26:45Z" finished-at="2020-09-17T02:26:45Z">
          <reporter-output>
          </reporter-output>
        </test-method> <!-- testA2 -->
        <test-method status="PASS" signature="testA3()[pri:0, instance:lesson21.ClassATest@5d624da6]" name="testA3" duration-ms="0" started-at="2020-09-17T02:26:45Z" finished-at="2020-09-17T02:26:45Z">
          <reporter-output>
          </reporter-output>
        </test-method> <!-- testA3 -->
      </class> <!-- lesson21.ClassATest -->
      <class name="lesson21.ClassBTest">
        <test-method status="PASS" signature="testB2()[pri:0, instance:lesson21.ClassBTest@1e67b872]" name="testB2" duration-ms="0" started-at="2020-09-17T02:26:45Z" finished-at="2020-09-17T02:26:45Z">
          <reporter-output>
          </reporter-output>
        </test-method> <!-- testB2 -->
        <test-method status="PASS" signature="testB1()[pri:0, instance:lesson21.ClassBTest@1e67b872]" name="testB1" duration-ms="0" started-at="2020-09-17T02:26:45Z" finished-at="2020-09-17T02:26:45Z">
          <reporter-output>
          </reporter-output>
        </test-method> <!-- testB1 -->
        <test-method status="PASS" signature="testB3()[pri:0, instance:lesson21.ClassBTest@1e67b872]" name="testB3" duration-ms="0" started-at="2020-09-17T02:26:45Z" finished-at="2020-09-17T02:26:45Z">
          <reporter-output>
          </reporter-output>
        </test-method> <!-- testB3 -->
      </class> <!-- lesson21.ClassBTest -->
      <class name="lesson21.ClassCTest">
        <test-method status="PASS" signature="testC1()[pri:0, instance:lesson21.ClassCTest@60addb54]" name="testC1" duration-ms="0" started-at="2020-09-17T02:26:45Z" finished-at="2020-09-17T02:26:45Z">
          <reporter-output>
          </reporter-output>
        </test-method> <!-- testC1 -->
        <test-method status="PASS" signature="testC2()[pri:0, instance:lesson21.ClassCTest@60addb54]" name="testC2" duration-ms="0" started-at="2020-09-17T02:26:45Z" finished-at="2020-09-17T02:26:45Z">
          <reporter-output>
          </reporter-output>
        </test-method> <!-- testC2 -->
        <test-method status="PASS" signature="testC3()[pri:0, instance:lesson21.ClassCTest@60addb54]" name="testC3" duration-ms="0" started-at="2020-09-17T02:26:45Z" finished-at="2020-09-17T02:26:45Z">
          <reporter-output>
          </reporter-output>
        </test-method> <!-- testC3 -->
      </class> <!-- lesson21.ClassCTest -->
    </test> <!-- Surefire test -->
  </suite> <!-- Surefire suite -->
</testng-results>
